2024-07-02 15:04:49,217 [INFO] Activator:176 - 


2024-07-02 15:04:49,220 [INFO] Activator:177 - !SESSION log4j initialized
2024-07-02 15:04:54,082 [INFO] LogOutputStream:77 - [STDOUT_REDIRECT] 
2024-07-02 15:05:07,841 [INFO] ApplicationProperties:184 - Using Application install path: C:\ST\STM32CubeIDE_1.7.0\STM32CubeIDE\plugins\com.st.stm32cube.common.mx_6.11.1.202404110753
2024-07-02 15:05:07,859 [INFO] DbMcusXml:78 - Set database path to: C:\ST\STM32CubeIDE_1.7.0\STM32CubeIDE\plugins\com.st.stm32cube.common.mx_6.11.1.202404110753\\db\/mcu/
2024-07-02 15:05:07,860 [INFO] ApiDb:274 - Set plugin database path to: C:\ST\STM32CubeIDE_1.7.0\STM32CubeIDE\plugins\com.st.stm32cube.common.mx_6.11.1.202404110753\\db\/plugins/boardmanager/
2024-07-02 15:05:07,860 [WARN] ApiDb:259 - Overriding images path with different value:  => C:\ST\STM32CubeIDE_1.7.0\STM32CubeIDE\plugins\com.st.stm32cube.common.mx_6.11.1.202404110753\\db\/plugins/mcufinder/images/
2024-07-02 15:05:07,872 [INFO] ApiDb:250 - Set database path to: C:\Users\Windows\.stmcufinder\plugins\mcufinder//mcu/
2024-07-02 15:05:07,873 [INFO] DbMcusAds:125 - Set database path to: C:\Users\Windows\.stmcufinder\plugins\mcufinder//mcu/
2024-07-02 15:05:08,475 [INFO] CrossReferenceDbSqlite:203 - Set database path to: C:\Users\Windows\.stmcufinder\plugins\mcufinder//mcu/cs/
2024-07-02 15:05:08,603 [INFO] RulesReader:64 - Compatibility file has been processed (297 Rules)
2024-07-02 15:05:08,715 [INFO] DbMcusXml:78 - Set database path to: C:\ST\STM32CubeIDE_1.7.0\STM32CubeIDE\plugins\com.st.stm32cube.common.mx_6.11.1.202404110753\\db\/mcu/
2024-07-02 15:05:08,715 [INFO] ApiDb:274 - Set plugin database path to: C:\ST\STM32CubeIDE_1.7.0\STM32CubeIDE\plugins\com.st.stm32cube.common.mx_6.11.1.202404110753\\db\/plugins/boardmanager/
2024-07-02 15:05:08,715 [INFO] ApiDb:261 - Set plugin images path to: C:\ST\STM32CubeIDE_1.7.0\STM32CubeIDE\plugins\com.st.stm32cube.common.mx_6.11.1.202404110753\\db\/plugins/mcufinder/images/
2024-07-02 15:05:08,716 [WARN] DbFile:41 - Overriding database path with different value: C:\Users\Windows\.stmcufinder\plugins\mcufinder/ => C:\Users\Windows\.stmcufinder\plugins\mcufinder
2024-07-02 15:05:08,716 [INFO] ApiDb:250 - Set database path to: C:\Users\Windows\.stmcufinder\plugins\mcufinder//mcu/
2024-07-02 15:05:08,716 [WARN] DbFile:41 - Overriding database path with different value: C:\Users\Windows\.stmcufinder\plugins\mcufinder/ => C:\Users\Windows\.stmcufinder\plugins\mcufinder
2024-07-02 15:05:08,716 [INFO] DbMcusAds:125 - Set database path to: C:\Users\Windows\.stmcufinder\plugins\mcufinder//mcu/
2024-07-02 15:05:08,716 [WARN] DbFile:41 - Overriding database path with different value: C:\Users\Windows\.stmcufinder\plugins\mcufinder/ => C:\Users\Windows\.stmcufinder\plugins\mcufinder
2024-07-02 15:05:08,716 [WARN] DbFile:41 - Overriding database path with different value: C:\Users\Windows\.stmcufinder\plugins\mcufinder/ => C:\Users\Windows\.stmcufinder\plugins\mcufinder
2024-07-02 15:05:09,473 [INFO] CrossReferenceDbSqlite:203 - Set database path to: C:\Users\Windows\.stmcufinder\plugins\mcufinder//mcu/cs/
2024-07-02 15:05:09,566 [INFO] MainPanel:264 - HeapMemory: 268435456
2024-07-02 15:05:09,701 [INFO] DbMcusXml:78 - Set database path to: C:\ST\STM32CubeIDE_1.7.0\STM32CubeIDE\plugins\com.st.stm32cube.common.mx_6.11.1.202404110753\\db\/mcu/
2024-07-02 15:05:09,702 [INFO] ApiDb:274 - Set plugin database path to: C:\ST\STM32CubeIDE_1.7.0\STM32CubeIDE\plugins\com.st.stm32cube.common.mx_6.11.1.202404110753\\db\/plugins/boardmanager/
2024-07-02 15:05:09,702 [INFO] ApiDb:261 - Set plugin images path to: C:\ST\STM32CubeIDE_1.7.0\STM32CubeIDE\plugins\com.st.stm32cube.common.mx_6.11.1.202404110753\\db\/plugins/mcufinder/images/
2024-07-02 15:05:09,704 [WARN] DbFile:41 - Overriding database path with different value: C:\Users\Windows\.stmcufinder\plugins\mcufinder/ => C:\Users\Windows\.stmcufinder\plugins\mcufinder
2024-07-02 15:05:09,704 [INFO] ApiDb:250 - Set database path to: C:\Users\Windows\.stmcufinder\plugins\mcufinder//mcu/
2024-07-02 15:05:09,704 [WARN] DbFile:41 - Overriding database path with different value: C:\Users\Windows\.stmcufinder\plugins\mcufinder/ => C:\Users\Windows\.stmcufinder\plugins\mcufinder
2024-07-02 15:05:09,704 [INFO] DbMcusAds:125 - Set database path to: C:\Users\Windows\.stmcufinder\plugins\mcufinder//mcu/
2024-07-02 15:05:09,704 [WARN] DbFile:41 - Overriding database path with different value: C:\Users\Windows\.stmcufinder\plugins\mcufinder/ => C:\Users\Windows\.stmcufinder\plugins\mcufinder
2024-07-02 15:05:09,704 [WARN] DbFile:41 - Overriding database path with different value: C:\Users\Windows\.stmcufinder\plugins\mcufinder/ => C:\Users\Windows\.stmcufinder\plugins\mcufinder
2024-07-02 15:05:10,475 [INFO] CrossReferenceDbSqlite:203 - Set database path to: C:\Users\Windows\.stmcufinder\plugins\mcufinder//mcu/cs/
2024-07-02 15:05:10,498 [INFO] ApplicationProperties:184 - Using Application install path: C:\ST\STM32CubeIDE_1.7.0\STM32CubeIDE\plugins\com.st.stm32cube.common.mx_6.11.1.202404110753
2024-07-02 15:05:10,501 [INFO] PluginManage:196 - Search for loadable plugins [exclusion list=, ]
2024-07-02 15:05:10,503 [INFO] PluginManage:310 - Check plugin analytics
2024-07-02 15:05:11,550 [INFO] AnalyticsPlugin:253 - Accepted Software Licenses: 
2024-07-02 15:05:11,550 [INFO] AnalyticsPlugin:255 - Accepted CMSIS Pack Licenses: 
2024-07-02 15:05:11,550 [INFO] AnalyticsPlugin:257 - Accepted Firmware Licenses: 
2024-07-02 15:05:11,555 [INFO] PluginManage:359 - Loaded plugin analytics (category:tool,tabindex:-1)
2024-07-02 15:05:11,555 [INFO] PluginManage:310 - Check plugin cadmodel
2024-07-02 15:05:11,573 [INFO] CADModel:105 - Init CAD model plugin
2024-07-02 15:05:11,573 [INFO] PluginManage:359 - Loaded plugin cadmodel (category:power,tabindex:5)
2024-07-02 15:05:11,573 [INFO] PluginManage:310 - Check plugin clock
2024-07-02 15:05:11,592 [INFO] PluginManage:359 - Loaded plugin clock (category:base,tabindex:2)
2024-07-02 15:05:11,592 [INFO] PluginManage:310 - Check plugin ddr
2024-07-02 15:05:11,596 [INFO] PluginManage:359 - Loaded plugin ddr (category:tool,tabindex:6)
2024-07-02 15:05:11,596 [INFO] PluginManage:310 - Check plugin filemanager
2024-07-02 15:05:11,781 [INFO] PluginManage:359 - Loaded plugin filemanager (category:base,tabindex:10)
2024-07-02 15:05:11,781 [INFO] PluginManage:310 - Check plugin ipmanager
2024-07-02 15:05:11,790 [INFO] PluginManage:359 - Loaded plugin ipmanager (category:base,tabindex:5)
2024-07-02 15:05:11,790 [INFO] PluginManage:310 - Check plugin lpbam
2024-07-02 15:05:11,809 [INFO] PluginManage:359 - Loaded plugin lpbam (category:base,tabindex:0)
2024-07-02 15:05:11,809 [INFO] PluginManage:310 - Check plugin memorymap
2024-07-02 15:05:11,847 [INFO] PluginManage:359 - Loaded plugin memorymap (category:base,tabindex:4)
2024-07-02 15:05:11,847 [INFO] PluginManage:310 - Check plugin pinoutandconfiguration
2024-07-02 15:05:11,873 [INFO] PluginManage:359 - Loaded plugin pinoutandconfiguration (category:base,tabindex:1)
2024-07-02 15:05:11,874 [INFO] PluginManage:310 - Check plugin pinoutconfig
2024-07-02 15:05:12,000 [WARN] SupportedApi:132 - Cannot load RTOS API schema: s4s-elt-must-match.1: The content of 'definitions' must match (annotation?, (simpleType | complexType)?, (unique | key | keyref)*)). A problem was found starting at: attribute.
2024-07-02 15:05:12,164 [INFO] PluginManage:359 - Loaded plugin pinoutconfig (category:base,tabindex:0)
2024-07-02 15:05:12,164 [INFO] PluginManage:310 - Check plugin power
2024-07-02 15:05:12,184 [INFO] PluginManage:359 - Loaded plugin power (category:power,tabindex:4)
2024-07-02 15:05:12,185 [INFO] PluginManage:310 - Check plugin projectmanager
2024-07-02 15:05:12,204 [INFO] PluginManage:359 - Loaded plugin projectmanager (category:projectmanager,tabindex:3)
2024-07-02 15:05:12,204 [INFO] PluginManage:310 - Check plugin thirdparty
2024-07-02 15:05:12,514 [INFO] PluginManage:359 - Loaded plugin thirdparty (category:base,tabindex:-1)
2024-07-02 15:05:12,514 [WARN] IntegrityCheckThread:84 - waiting for thirdparty lock release [integrity check]
2024-07-02 15:05:12,514 [INFO] PluginManage:310 - Check plugin tools
2024-07-02 15:05:12,515 [INFO] IntegrityCheckThread:86 - entering critical section [integrity check]
2024-07-02 15:05:12,515 [INFO] ThirdPartyUpdaterWithRetryManager:70 - Updater plugin not ready yet. [1/15]
2024-07-02 15:05:12,558 [INFO] PluginManage:359 - Loaded plugin tools (category:base,tabindex:7)
2024-07-02 15:05:12,558 [INFO] PluginManage:310 - Check plugin tutovideos
2024-07-02 15:05:12,778 [INFO] PluginManage:359 - Loaded plugin tutovideos (category:base,tabindex:-1)
2024-07-02 15:05:12,778 [INFO] PluginManage:310 - Check plugin updater
2024-07-02 15:05:12,790 [INFO] PluginManage:359 - Loaded plugin updater (category:base,tabindex:12)
2024-07-02 15:05:12,790 [INFO] PluginManage:310 - Check plugin userauth
2024-07-02 15:05:12,796 [INFO] UserAuth:114 - Init User Auth plugin
2024-07-02 15:05:12,796 [INFO] PluginManage:359 - Loaded plugin userauth (category:base,tabindex:14)
2024-07-02 15:05:12,797 [INFO] PluginManage:283 - PluginManage : Loaded plugins [17]
2024-07-02 15:05:13,032 [INFO] PinOutPanel:1561 - setPackage(No Configuration,No Configuration)
2024-07-02 15:05:13,111 [INFO] CADModel:165 - CPN selected for project level
2024-07-02 15:05:13,112 [INFO] CADModel:114 - Register for checkConnection events
2024-07-02 15:05:13,145 [INFO] IPUIPlugin:80 - create IPUIPlugin
2024-07-02 15:05:13,145 [INFO] PluginManager:220 - loadIPPluginJar : add adc
2024-07-02 15:05:13,191 [INFO] IPUIPlugin:80 - create IPUIPlugin
2024-07-02 15:05:13,191 [INFO] PluginManager:220 - loadIPPluginJar : add aes
2024-07-02 15:05:13,253 [INFO] IPUIPlugin:80 - create IPUIPlugin
2024-07-02 15:05:13,253 [INFO] PluginManager:220 - loadIPPluginJar : add can
2024-07-02 15:05:13,282 [INFO] IPUIPlugin:80 - create IPUIPlugin
2024-07-02 15:05:13,282 [INFO] PluginManager:220 - loadIPPluginJar : add comp
2024-07-02 15:05:13,324 [INFO] IPUIPlugin:80 - create IPUIPlugin
2024-07-02 15:05:13,324 [INFO] PluginManager:220 - loadIPPluginJar : add cryp
2024-07-02 15:05:13,368 [INFO] IPUIPlugin:80 - create IPUIPlugin
2024-07-02 15:05:13,368 [INFO] PluginManager:220 - loadIPPluginJar : add dfsdm
2024-07-02 15:05:13,386 [INFO] IPUIPlugin:80 - create IPUIPlugin
2024-07-02 15:05:13,387 [INFO] PluginManager:220 - loadIPPluginJar : add dma
2024-07-02 15:05:13,436 [INFO] IPUIPlugin:80 - create IPUIPlugin
2024-07-02 15:05:13,436 [INFO] PluginManager:220 - loadIPPluginJar : add dma3
2024-07-02 15:05:13,491 [INFO] IPUIPlugin:80 - create IPUIPlugin
2024-07-02 15:05:13,491 [INFO] PluginManager:220 - loadIPPluginJar : add extmemmanager
2024-07-02 15:05:13,514 [INFO] IPUIPlugin:80 - create IPUIPlugin
2024-07-02 15:05:13,515 [INFO] PluginManager:220 - loadIPPluginJar : add fatfs
2024-07-02 15:05:13,572 [INFO] IPUIPlugin:80 - create IPUIPlugin
2024-07-02 15:05:13,572 [INFO] PluginManager:220 - loadIPPluginJar : add fmc
2024-07-02 15:05:13,587 [INFO] IPUIPlugin:80 - create IPUIPlugin
2024-07-02 15:05:13,587 [INFO] PluginManager:220 - loadIPPluginJar : add freertos
2024-07-02 15:05:13,611 [INFO] IPUIPlugin:80 - create IPUIPlugin
2024-07-02 15:05:13,611 [INFO] PluginManager:220 - loadIPPluginJar : add genericplugin
2024-07-02 15:05:13,730 [INFO] IPUIPlugin:80 - create IPUIPlugin
2024-07-02 15:05:13,731 [INFO] PluginManager:220 - loadIPPluginJar : add gfxmmu
2024-07-02 15:05:13,895 [INFO] IPUIPlugin:80 - create IPUIPlugin
2024-07-02 15:05:13,895 [INFO] PluginManager:220 - loadIPPluginJar : add gic
2024-07-02 15:05:13,908 [INFO] IPUIPlugin:80 - create IPUIPlugin
2024-07-02 15:05:13,908 [INFO] PluginManager:220 - loadIPPluginJar : add gpio
2024-07-02 15:05:14,016 [INFO] IPUIPlugin:80 - create IPUIPlugin
2024-07-02 15:05:14,016 [INFO] PluginManager:220 - loadIPPluginJar : add gtzc
2024-07-02 15:05:14,056 [INFO] IPUIPlugin:80 - create IPUIPlugin
2024-07-02 15:05:14,056 [INFO] PluginManager:220 - loadIPPluginJar : add hash
2024-07-02 15:05:14,118 [INFO] IPUIPlugin:80 - create IPUIPlugin
2024-07-02 15:05:14,118 [INFO] PluginManager:220 - loadIPPluginJar : add i2c
2024-07-02 15:05:14,166 [INFO] IPUIPlugin:80 - create IPUIPlugin
2024-07-02 15:05:14,166 [INFO] PluginManager:220 - loadIPPluginJar : add i2s
2024-07-02 15:05:14,216 [INFO] IPUIPlugin:80 - create IPUIPlugin
2024-07-02 15:05:14,216 [INFO] PluginManager:220 - loadIPPluginJar : add i3c
2024-07-02 15:05:14,340 [INFO] IPUIPlugin:80 - create IPUIPlugin
2024-07-02 15:05:14,340 [INFO] PluginManager:220 - loadIPPluginJar : add ipddr
2024-07-02 15:05:14,450 [INFO] IPUIPlugin:80 - create IPUIPlugin
2024-07-02 15:05:14,451 [INFO] PluginManager:220 - loadIPPluginJar : add linkedlist
2024-07-02 15:05:14,491 [INFO] IPUIPlugin:80 - create IPUIPlugin
2024-07-02 15:05:14,491 [INFO] PluginManager:220 - loadIPPluginJar : add lorawan
2024-07-02 15:05:14,536 [INFO] IPUIPlugin:80 - create IPUIPlugin
2024-07-02 15:05:14,536 [INFO] PluginManager:220 - loadIPPluginJar : add ltdc
2024-07-02 15:05:14,549 [INFO] IPUIPlugin:80 - create IPUIPlugin
2024-07-02 15:05:14,550 [INFO] PluginManager:220 - loadIPPluginJar : add mdma
2024-07-02 15:05:14,564 [INFO] IPUIPlugin:80 - create IPUIPlugin
2024-07-02 15:05:14,564 [INFO] PluginManager:220 - loadIPPluginJar : add nvic
2024-07-02 15:05:14,609 [INFO] IPUIPlugin:80 - create IPUIPlugin
2024-07-02 15:05:14,609 [INFO] PluginManager:220 - loadIPPluginJar : add opamp
2024-07-02 15:05:14,691 [INFO] IPUIPlugin:80 - create IPUIPlugin
2024-07-02 15:05:14,691 [INFO] PluginManager:220 - loadIPPluginJar : add openamp
2024-07-02 15:05:14,745 [INFO] IPUIPlugin:80 - create IPUIPlugin
2024-07-02 15:05:14,745 [INFO] PluginManager:220 - loadIPPluginJar : add pdm2pcm
2024-07-02 15:05:14,761 [INFO] IPUIPlugin:80 - create IPUIPlugin
2024-07-02 15:05:14,763 [INFO] PluginManager:220 - loadIPPluginJar : add plateformsettings
2024-07-02 15:05:14,791 [INFO] IPUIPlugin:80 - create IPUIPlugin
2024-07-02 15:05:14,791 [INFO] PluginManager:220 - loadIPPluginJar : add quadspi
2024-07-02 15:05:14,805 [INFO] IPUIPlugin:80 - create IPUIPlugin
2024-07-02 15:05:14,806 [INFO] PluginManager:220 - loadIPPluginJar : add resmgrutility
2024-07-02 15:05:14,861 [INFO] IPUIPlugin:80 - create IPUIPlugin
2024-07-02 15:05:14,861 [INFO] PluginManager:220 - loadIPPluginJar : add sai
2024-07-02 15:05:14,907 [INFO] IPUIPlugin:80 - create IPUIPlugin
2024-07-02 15:05:14,907 [INFO] PluginManager:220 - loadIPPluginJar : add spi
2024-07-02 15:05:14,985 [INFO] IPUIPlugin:80 - create IPUIPlugin
2024-07-02 15:05:14,985 [INFO] PluginManager:220 - loadIPPluginJar : add stm32_wpan
2024-07-02 15:05:15,011 [INFO] IPUIPlugin:80 - create IPUIPlugin
2024-07-02 15:05:15,012 [INFO] PluginManager:220 - loadIPPluginJar : add tim
2024-07-02 15:05:15,082 [INFO] IPUIPlugin:80 - create IPUIPlugin
2024-07-02 15:05:15,082 [INFO] PluginManager:220 - loadIPPluginJar : add touchsensing
2024-07-02 15:05:15,111 [INFO] IPUIPlugin:80 - create IPUIPlugin
2024-07-02 15:05:15,111 [INFO] PluginManager:220 - loadIPPluginJar : add tracer_emb
2024-07-02 15:05:15,143 [INFO] IPUIPlugin:80 - create IPUIPlugin
2024-07-02 15:05:15,143 [INFO] PluginManager:220 - loadIPPluginJar : add ts
2024-07-02 15:05:15,171 [INFO] IPUIPlugin:80 - create IPUIPlugin
2024-07-02 15:05:15,172 [INFO] PluginManager:220 - loadIPPluginJar : add tsc
2024-07-02 15:05:15,199 [INFO] IPUIPlugin:80 - create IPUIPlugin
2024-07-02 15:05:15,199 [INFO] PluginManager:220 - loadIPPluginJar : add ucpd
2024-07-02 15:05:15,247 [INFO] IPUIPlugin:80 - create IPUIPlugin
2024-07-02 15:05:15,247 [INFO] PluginManager:220 - loadIPPluginJar : add usart
2024-07-02 15:05:15,303 [INFO] IPUIPlugin:80 - create IPUIPlugin
2024-07-02 15:05:15,304 [INFO] PluginManager:220 - loadIPPluginJar : add usbx
2024-07-02 15:05:15,429 [INFO] CADModel:165 - CPN selected for project level
2024-07-02 15:05:15,430 [INFO] CADModel:114 - Register for checkConnection events
2024-07-02 15:05:15,430 [FATAL] Updater:308 - Updater called before beeing initialized
2024-07-02 15:05:15,430 [ERROR] CADModel:125 - Updater not yet initialized, retry later 
2024-07-02 15:05:15,519 [INFO] ThirdPartyUpdaterWithRetryManager:70 - Updater plugin not ready yet. [2/15]
2024-07-02 15:05:15,555 [INFO] CADModel:165 - CPN selected for project level
2024-07-02 15:05:15,555 [INFO] CADModel:114 - Register for checkConnection events
2024-07-02 15:05:15,556 [FATAL] Updater:308 - Updater called before beeing initialized
2024-07-02 15:05:15,556 [ERROR] CADModel:125 - Updater not yet initialized, retry later 
2024-07-02 15:05:15,560 [FATAL] Updater:308 - Updater called before beeing initialized
2024-07-02 15:05:15,677 [FATAL] Updater:308 - Updater called before beeing initialized
2024-07-02 15:05:15,691 [INFO] DbMcusAds:53 - JSON generation date=Thu May 16 16:22:00 ICT 2024 (1715851320852)
2024-07-02 15:05:15,691 [FATAL] Updater:308 - Updater called before beeing initialized
2024-07-02 15:05:15,730 [WARN] DetailPanel:346 - Failed to get advertising image, set to default
2024-07-02 15:05:15,809 [FATAL] Updater:308 - Updater called before beeing initialized
2024-07-02 15:05:15,811 [FATAL] Updater:308 - Updater called before beeing initialized
2024-07-02 15:05:15,811 [FATAL] Updater:308 - Updater called before beeing initialized
2024-07-02 15:05:15,811 [WARN] DetailPanel:346 - Failed to get advertising image, set to default
2024-07-02 15:05:15,812 [FATAL] Updater:308 - Updater called before beeing initialized
2024-07-02 15:05:15,878 [ERROR] Updater:1120 - MainUpdater not yet initialized. External WinMGr cannot be set.
2024-07-02 15:05:15,891 [INFO] Updater:1056 - Updater Version found : 6.11.1
2024-07-02 15:05:15,915 [INFO] ApplicationProperties:184 - Using Application install path: C:\ST\STM32CubeIDE_1.7.0\STM32CubeIDE\plugins\com.st.stm32cube.common.mx_6.11.1.202404110753
2024-07-02 15:05:17,535 [ERROR] LogOutputStream:75 - [STDERR_REDIRECT] Jul 02, 2024 3:05:17 PM java.util.prefs.WindowsPreferences <init>
2024-07-02 15:05:17,538 [ERROR] LogOutputStream:75 - [STDERR_REDIRECT] WARNING: Could not open/create prefs root node Software\JavaSoft\Prefs at root 0xffffffff80000002. Windows RegCreateKeyEx(...) returned error code 5.
2024-07-02 15:05:17,538 [ERROR] LogOutputStream:75 - [STDERR_REDIRECT] 
2024-07-02 15:05:18,017 [INFO] MainUpdater:2873 - connection check result : 10
2024-07-02 15:05:18,018 [INFO] MainUpdater:290 - Updater Check For Update Now.
2024-07-02 15:05:18,018 [INFO] MicroXplorer:498 - Change Database Version : DB.6.0.111
2024-07-02 15:05:18,037 [INFO] McuFinderGlobals:63 - Set McuFinder mode to 2 (CubeIDE integrated)
2024-07-02 15:05:18,037 [INFO] UserAuth:179 - activating auth plugin
2024-07-02 15:05:18,042 [INFO] UserAuth:415 - Internet connection configuration mode: 1
2024-07-02 15:05:18,075 [INFO] JxBrowserEngine:152 - Initiate JxBrowser Engine with user profile folder
2024-07-02 15:05:18,292 [INFO] CheckServerUpdateThread:120 - End of CheckServer Thread
2024-07-02 15:05:18,756 [WARN] PackLoader:240 - Cannot read IP mode file for STMicroelectronics.FP-SNS-MOTENVWB1.1.4.0
2024-07-02 15:05:18,779 [WARN] PackLoader:240 - Cannot read IP mode file for STMicroelectronics.X-CUBE-SMBUS.2.1.0
2024-07-02 15:05:18,796 [WARN] PackLoader:240 - Cannot read IP mode file for STMicroelectronics.X-CUBE-TOUCHGFX.4.23.0
2024-07-02 15:05:18,809 [WARN] PackLoader:240 - Cannot read IP mode file for STMicroelectronics.X-CUBE-TOUCHGFX.4.23.2
2024-07-02 15:05:18,860 [WARN] PackLoader:240 - Cannot read IP mode file for STMicroelectronics.X-CUBE-AZRTOS-F7.1.1.0
2024-07-02 15:05:18,890 [WARN] PackLoader:240 - Cannot read IP mode file for STMicroelectronics.FP-SNS-MOTENV1.4.3.2
2024-07-02 15:05:18,912 [WARN] PackLoader:240 - Cannot read IP mode file for STMicroelectronics.FP-SNS-FLIGHT1.5.0.2
2024-07-02 15:05:18,957 [WARN] PackLoader:240 - Cannot read IP mode file for STMicroelectronics.X-CUBE-DISPLAY.3.0.0
2024-07-02 15:05:19,002 [WARN] PackLoader:240 - Cannot read IP mode file for STMicroelectronics.X-CUBE-BLE1.7.0.0
2024-07-02 15:05:19,028 [WARN] PackLoader:240 - Cannot read IP mode file for emotas.I-CUBE-CANOPEN.1.3.0
2024-07-02 15:05:19,054 [WARN] PackLoader:240 - Cannot read IP mode file for STMicroelectronics.X-CUBE-TOUCHGFX.4.22.0
2024-07-02 15:05:19,069 [WARN] PackLoader:240 - Cannot read IP mode file for STMicroelectronics.X-CUBE-TOUCHGFX.4.22.1
2024-07-02 15:05:19,091 [WARN] PackLoader:240 - Cannot read IP mode file for STMicroelectronics.X-CUBE-BLEMGR.3.1.0
2024-07-02 15:05:19,114 [WARN] PackLoader:240 - Cannot read IP mode file for STMicroelectronics.FP-SNS-SMARTAG2.1.2.0
2024-07-02 15:05:19,141 [INFO] LogOutputStream:77 - [STDOUT_REDIRECT] 1 : Invalid condition id : UX_CORESTACK_Condition cause : null
2024-07-02 15:05:19,142 [INFO] LogOutputStream:77 - [STDOUT_REDIRECT] 1 : Invalid condition id : UX_CORESTACK_Condition cause : null
2024-07-02 15:05:19,143 [INFO] LogOutputStream:77 - [STDOUT_REDIRECT] 1 : Invalid condition id : UX_CORESTACK_Condition cause : null
2024-07-02 15:05:19,145 [INFO] LogOutputStream:77 - [STDOUT_REDIRECT] 1 : Invalid condition id : UX_CORESTACK_Condition cause : null
2024-07-02 15:05:19,146 [INFO] LogOutputStream:77 - [STDOUT_REDIRECT] 1 : Invalid condition id : UX_CORESTACK_Condition cause : null
2024-07-02 15:05:19,149 [WARN] PackLoader:240 - Cannot read IP mode file for STMicroelectronics.X-CUBE-AZRTOS-WL.2.0.0
2024-07-02 15:05:19,170 [WARN] PackLoader:240 - Cannot read IP mode file for STMicroelectronics.FP-SNS-MOTENV1.5.0.0
2024-07-02 15:05:19,185 [WARN] PackLoader:240 - Cannot read IP mode file for wolfSSL.I-CUBE-wolfMQTT.1.19.0
2024-07-02 15:05:19,202 [WARN] PackLoader:240 - Cannot read IP mode file for WES.I-CUBE-Cesium.1.3.0
2024-07-02 15:05:19,217 [WARN] PackLoader:240 - Cannot read IP mode file for STMicroelectronics.X-CUBE-BLE2.3.3.0
2024-07-02 15:05:19,235 [WARN] PackLoader:240 - Cannot read IP mode file for STMicroelectronics.X-CUBE-TCPP.4.1.0
2024-07-02 15:05:19,254 [WARN] PackLoader:240 - Cannot read IP mode file for STMicroelectronics.X-CUBE-ALGOBUILD.1.3.0
2024-07-02 15:05:19,291 [WARN] PackLoader:240 - Cannot read IP mode file for STMicroelectronics.X-CUBE-AZRTOS-G0.1.1.0
2024-07-02 15:05:19,315 [WARN] PackLoader:240 - Cannot read IP mode file for STMicroelectronics.X-CUBE-SAFEA1.1.2.2
2024-07-02 15:05:19,352 [WARN] PackLoader:240 - Cannot read IP mode file for STMicroelectronics.X-CUBE-NFC4.3.0.0
2024-07-02 15:05:19,374 [WARN] PackLoader:240 - Cannot read IP mode file for wolfSSL.I-CUBE-wolfMQTT.1.18.0
2024-07-02 15:05:19,398 [WARN] PackLoader:240 - Cannot read IP mode file for STMicroelectronics.X-CUBE-BLEMGR.3.0.0
2024-07-02 15:05:19,427 [WARN] PackLoader:240 - Cannot read IP mode file for STMicroelectronics.FP-ATR-SIGFOX1.3.2.0
2024-07-02 15:05:19,457 [WARN] PackLoader:240 - Cannot read IP mode file for STMicroelectronics.X-CUBE-EEPRMA1.5.1.0
2024-07-02 15:05:19,514 [WARN] PackLoader:240 - Cannot read IP mode file for SEGGER.I-CUBE-embOS.1.3.1
2024-07-02 15:05:19,588 [WARN] PackLoader:240 - Cannot read IP mode file for STMicroelectronics.X-CUBE-ALGOBUILD.1.4.0
2024-07-02 15:05:19,615 [WARN] PackLoader:240 - Cannot read IP mode file for STMicroelectronics.X-CUBE-GNSS1.6.0.0
2024-07-02 15:05:19,656 [WARN] PackLoader:240 - Cannot read IP mode file for STMicroelectronics.X-CUBE-AZRTOS-F4.1.1.0
2024-07-02 15:05:19,728 [WARN] PackLoader:240 - Cannot read IP mode file for wolfSSL.I-CUBE-wolfSSL.5.6.3
2024-07-02 15:05:19,750 [WARN] PackLoader:240 - Cannot read IP mode file for STMicroelectronics.X-CUBE-FREERTOS.1.2.0
2024-07-02 15:05:19,787 [WARN] PackLoader:240 - Cannot read IP mode file for STMicroelectronics.X-CUBE-AZRTOS-L5.2.0.0
2024-07-02 15:05:19,860 [WARN] PackLoader:240 - Cannot read IP mode file for STMicroelectronics.X-CUBE-MEMS1.9.6.0
2024-07-02 15:05:20,046 [WARN] PackLoader:240 - Cannot read IP mode file for STMicroelectronics.X-CUBE-EEPRMA1.4.2.0
2024-07-02 15:05:20,081 [WARN] PackLoader:240 - Cannot read IP mode file for STMicroelectronics.X-CUBE-NFC6.3.1.0
2024-07-02 15:05:20,110 [WARN] PackLoader:240 - Cannot read IP mode file for ITTIA_DB.I-CUBE-ITTIADB.8.8.0
2024-07-02 15:05:20,134 [WARN] PackLoader:240 - Cannot read IP mode file for STMicroelectronics.X-CUBE-BLEMGR.2.0.0
2024-07-02 15:05:20,173 [WARN] PackLoader:240 - Cannot read IP mode file for STMicroelectronics.X-CUBE-AI.9.0.0
2024-07-02 15:05:20,210 [WARN] ConditionMgr:438 - getConditionDescription Invalid condition id : UX DEVICE CLASS RTOS Condition cause : null
2024-07-02 15:05:20,211 [WARN] ConditionMgr:438 - getConditionDescription Invalid condition id : UX DEVICE CLASS RTOS Condition cause : null
2024-07-02 15:05:20,213 [WARN] PackLoader:240 - Cannot read IP mode file for STMicroelectronics.X-CUBE-AZRTOS-H7.3.1.0
2024-07-02 15:05:20,215 [WARN] ConditionMgr:1039 - genDependencies : Invalid condition id : UX DEVICE CLASS RTOS Condition cause : null
2024-07-02 15:05:20,218 [WARN] ConditionMgr:1039 - genDependencies : Invalid condition id : UX DEVICE CLASS RTOS Condition cause : null
2024-07-02 15:05:20,220 [WARN] ConditionMgr:1039 - genDependencies : Invalid condition id : UX DEVICE CLASS RTOS Condition cause : null
2024-07-02 15:05:20,220 [WARN] ConditionMgr:1039 - genDependencies : Invalid condition id : UX DEVICE CLASS RTOS Condition cause : null
2024-07-02 15:05:20,220 [WARN] ConditionMgr:1039 - genDependencies : Invalid condition id : UX DEVICE CLASS RTOS Condition cause : null
2024-07-02 15:05:20,244 [WARN] PackLoader:240 - Cannot read IP mode file for STMicroelectronics.X-CUBE-NFC7.1.0.1
2024-07-02 15:05:20,272 [WARN] PackLoader:240 - Cannot read IP mode file for STMicroelectronics.X-CUBE-NFC6.3.0.0
2024-07-02 15:05:20,293 [WARN] PackLoader:240 - Cannot read IP mode file for STMicroelectronics.X-CUBE-EEPRMA1.4.1.0
2024-07-02 15:05:20,310 [WARN] PackLoader:240 - Cannot read IP mode file for STMicroelectronics.X-CUBE-AI.8.1.0
2024-07-02 15:05:20,354 [WARN] ConditionMgr:438 - getConditionDescription Invalid condition id : LAN8742 Phy interface Condition cause : null
2024-07-02 15:05:20,361 [WARN] PackLoader:240 - Cannot read IP mode file for STMicroelectronics.X-CUBE-AZRTOS-L4.2.0.0
2024-07-02 15:05:20,362 [WARN] ConditionMgr:1039 - genDependencies : Invalid condition id : LAN8742 Phy interface Condition cause : null
2024-07-02 15:05:20,362 [WARN] ConditionMgr:1039 - genDependencies : Invalid condition id : LAN8742 Phy interface Condition cause : null
2024-07-02 15:05:20,364 [WARN] ConditionMgr:1039 - genDependencies : Invalid condition id : LAN8742 Phy interface Condition cause : null
2024-07-02 15:05:20,384 [WARN] PackLoader:240 - Cannot read IP mode file for STMicroelectronics.X-CUBE-SFXS2LP1.4.0.0
2024-07-02 15:05:20,405 [WARN] PackLoader:240 - Cannot read IP mode file for STMicroelectronics.X-CUBE-ISPU.1.1.0
2024-07-02 15:05:20,444 [WARN] ConditionMgr:438 - getConditionDescription Invalid condition id : UX DEVICE CLASS RTOS Condition cause : null
2024-07-02 15:05:20,444 [WARN] ConditionMgr:438 - getConditionDescription Invalid condition id : UX DEVICE CLASS RTOS Condition cause : null
2024-07-02 15:05:20,448 [WARN] PackLoader:240 - Cannot read IP mode file for STMicroelectronics.X-CUBE-AZRTOS-WB.2.0.0
2024-07-02 15:05:20,449 [WARN] ConditionMgr:1039 - genDependencies : Invalid condition id : UX DEVICE CLASS RTOS Condition cause : null
2024-07-02 15:05:20,449 [WARN] ConditionMgr:1039 - genDependencies : Invalid condition id : UX DEVICE CLASS RTOS Condition cause : null
2024-07-02 15:05:20,450 [WARN] ConditionMgr:1039 - genDependencies : Invalid condition id : UX DEVICE CLASS RTOS Condition cause : null
2024-07-02 15:05:20,450 [WARN] ConditionMgr:1039 - genDependencies : Invalid condition id : UX DEVICE CLASS RTOS Condition cause : null
2024-07-02 15:05:20,450 [WARN] ConditionMgr:1039 - genDependencies : Invalid condition id : UX DEVICE CLASS RTOS Condition cause : null
2024-07-02 15:05:20,481 [WARN] PackLoader:240 - Cannot read IP mode file for STMicroelectronics.X-CUBE-SUBG2.5.0.0
2024-07-02 15:05:20,509 [WARN] PackLoader:240 - Cannot read IP mode file for Cesanta.I-CUBE-Mongoose.7.13.0
2024-07-02 15:05:20,538 [WARN] PackLoader:240 - Cannot read IP mode file for STMicroelectronics.X-CUBE-TOF1.3.3.1
2024-07-02 15:05:20,574 [WARN] PackLoader:240 - Cannot read IP mode file for STMicroelectronics.X-CUBE-AZRTOS-G4.2.0.0
2024-07-02 15:05:20,608 [WARN] PackLoader:240 - Cannot read IP mode file for Infineon.AIROC-Wi-Fi-Bluetooth-STM32.1.5.1
2024-07-02 15:05:20,626 [WARN] PackLoader:240 - Cannot read IP mode file for STMicroelectronics.FP-SNS-MOTENVWB1.1.3.0
2024-07-02 15:05:20,646 [WARN] PackLoader:240 - Cannot read IP mode file for STMicroelectronics.FP-SNS-MOTENVWB1.1.3.1
2024-07-02 15:05:20,662 [WARN] PackLoader:240 - Cannot read IP mode file for STMicroelectronics.X-CUBE-ISPU.2.0.0
2024-07-02 15:05:20,682 [WARN] PackLoader:240 - Cannot read IP mode file for STMicroelectronics.X-CUBE-ALS.1.0.2
2024-07-02 15:05:20,764 [WARN] PackLoader:240 - Cannot read IP mode file for STMicroelectronics.X-CUBE-MEMS1.10.0.0
2024-07-02 15:05:20,939 [WARN] PackLoader:240 - Cannot read IP mode file for STMicroelectronics.X-CUBE-FREERTOS.1.1.0
2024-07-02 15:05:20,964 [WARN] PackLoader:240 - Cannot read IP mode file for STMicroelectronics.X-CUBE-TOUCHGFX.4.24.0
2024-07-02 15:05:20,988 [WARN] PackLoader:240 - Cannot read IP mode file for portGmbH.I-Cube-SoM-uGOAL.1.1.0
2024-07-02 15:05:21,004 [WARN] PackLoader:240 - Cannot read IP mode file for STMicroelectronics.X-CUBE-ALS.1.0.1
2024-07-02 15:05:21,039 [WARN] PackLoader:240 - Cannot read IP mode file for STMicroelectronics.X-CUBE-AZRTOS-H7RS.1.0.0
2024-07-02 15:05:21,061 [WARN] PackLoader:240 - Cannot read IP mode file for STMicroelectronics.FP-ATR-ASTRA1.2.0.0
2024-07-02 15:05:21,091 [WARN] PackLoader:240 - Cannot read IP mode file for STMicroelectronics.X-CUBE-TOF1.3.4.0
2024-07-02 15:05:21,123 [WARN] PackLoader:240 - Cannot read IP mode file for STMicroelectronics.X-CUBE-TOF1.3.4.1
2024-07-02 15:05:21,167 [WARN] PackLoader:240 - Cannot read IP mode file for STMicroelectronics.X-CUBE-AZRTOS-H7.3.2.0
2024-07-02 15:05:21,171 [INFO] ThirdParty:978 - Integrity check success = true
2024-07-02 15:05:21,171 [INFO] IntegrityCheckThread:100 - exiting critical section [integrity check]
2024-07-02 15:05:21,171 [INFO] IntegrityCheckThread:103 - End integrity checks thread
2024-07-02 15:05:27,594 [INFO] WebApp:161 - Instantiating new browser for Auth
2024-07-02 15:05:28,310 [INFO] WebApp:779 - Register for checkConnection events
2024-07-02 15:05:28,310 [INFO] WebApp:414 - Apply proxy settings
2024-07-02 15:05:28,310 [INFO] WebApp:499 - Chromium requires no authentication
2024-07-02 15:05:28,321 [INFO] WebApp:442 - Direct internet connection detected
2024-07-02 15:05:28,548 [INFO] WebApp:192 - Starting web application
2024-07-02 15:05:28,548 [INFO] WebApp:544 - Web application path used C:\ST\STM32CubeIDE_1.7.0\STM32CubeIDE\plugins\com.st.stm32cube.common.mx_6.11.1.202404110753\db\plugins\mcufinder\reactClient1\index.html
2024-07-02 15:13:19,252 [ERROR] LogOutputStream:75 - [STDERR_REDIRECT] 
2024-07-02 15:13:19,253 [ERROR] LogOutputStream:75 - [STDERR_REDIRECT] 
